2021-Feb-04 17:57:26.082514867 [TRACE] (1) integration_test::testcase: [tests/integration/testcase.rs:530] created log
2021-Feb-04 17:57:26.082667996 [INFO] ==============================================> running test case: help
2021-Feb-04 17:57:26.082814682 [TRACE] (1) integration_test::testcase: [tests/integration/testcase.rs:335] creating logfile ./tests/integration/tmp/help.log
2021-Feb-04 17:57:26.084968617 [INFO] tc=TestCase {
    tag: "help",
    snap_file: "./tests/integration/tmp/help.json",
    config_file: "./tests/integration/tmp/help.yml",
    json: {},
    logfile: "./tests/integration/tmp/help.log",
    logfile_gzip: "./tests/integration/tmp/help.log.gz",
    tmpfile: "./tests/integration/tmp/help.txt",
}
2021-Feb-04 17:57:26.089307365 [TRACE] (1) integration_test::testcase: [tests/integration/testcase.rs:298] Output { status: ExitStatus(ExitStatus(0)), stdout: "Log files reader 0.1\nAlain Viguier dandyvica@gmail.com\nA log file checker inspired by the Nagios check_logfiles plugin. Checklogfiles (clf) will try to\ndetect some regex patterns in logfiles specified in a YAML configuration file.\n\n            Project home page: https://github.com/dandyvica/clf\n            \n            \n\nUSAGE:\n    clf [FLAGS] [OPTIONS] --config <config>\n\nFLAGS:\n    -d, --delete-snapshot\n            Delete snapshot file before searching\n\n    -h, --help\n            Prints help information\n\n    -a, --no-callback\n            Don\'t run any callback, just read all logfiles in the configuration file and print out\n            matching line. Used to check whether regexes are correct\n\n    -r, --overwrite-log\n            Overwrite clf log if specified\n\n    -o, --show-options\n            Just show the command line options passed and exit\n\n    -w, --show-rendered\n            Render the configuration file through Jinja2/Tera and exit. This is meant to check Tera\n            substitutions\n\n    -s, --syntax-check\n            Check configuration file correctness, print it out and exit\n\n    -V, --version\n            Prints version information\n\n\nOPTIONS:\n    -c, --config <config>\n            Name of the YAML configuration file\n\n    -x, --context <context>\n            A JSON string used to set the Tera context. Only valid if the tera feature is enabled\n\n    -l, --log <log>\n            Name of the log file for logging information of this executable. Not to be confused with\n            the logfile to search into\n\n    -g, --log-level <log-level>\n            When log is enabled, set the minimum log level. Defaults to \'Info\'[possible values: Off,\n            Error, Warn, Info, Debug, Trace]\n\n    -m, --max-logsize <max-logsize>\n            When log is enabled, set the maximum log size (in Mb). If specified, log file will be\n            deleted first if current size is over this value. Defaults to 50 MB\n\n    -n, --nagios-version <nagios-version>\n            Set the Nagios NRPE protocol version used for plugin output. Default to version\n            3.[possible values: 2, 3]\n\n    -p, --snapshot <snapshot>\n            Override the snapshot file specified in the configuration file. It will default to the\n            platform-dependent name using the temporary directory if not provided in configuration\n            file or by using this flag\n\n    -v, --var <var>...\n            An optional variable to send to the defined callback, with syntax: \'var:value\'. Multiple\n            values are possible\n\n", stderr: "" }
2021-Feb-04 17:57:26.090064581 [INFO] ==============================================> running test case: missing_argument
2021-Feb-04 17:57:26.090182823 [TRACE] (1) integration_test::testcase: [tests/integration/testcase.rs:335] creating logfile ./tests/integration/tmp/missing_argument.log
2021-Feb-04 17:57:26.092214077 [INFO] tc=TestCase {
    tag: "missing_argument",
    snap_file: "./tests/integration/tmp/missing_argument.json",
    config_file: "./tests/integration/tmp/missing_argument.yml",
    json: {},
    logfile: "./tests/integration/tmp/missing_argument.log",
    logfile_gzip: "./tests/integration/tmp/missing_argument.log.gz",
    tmpfile: "./tests/integration/tmp/missing_argument.txt",
}
2021-Feb-04 17:57:26.095101203 [TRACE] (1) integration_test::testcase: [tests/integration/testcase.rs:298] Output { status: ExitStatus(ExitStatus(512)), stdout: "", stderr: "error: The following required arguments were not provided:\n    --config <config>\n\nUSAGE:\n    clf --config <config> --syntax-check\n\nFor more information try --help\n" }
2021-Feb-04 17:57:26.095284057 [INFO] ==============================================> running test case: good_syntax
2021-Feb-04 17:57:26.095375900 [TRACE] (1) integration_test::testcase: [tests/integration/testcase.rs:335] creating logfile ./tests/integration/tmp/good_syntax.log
2021-Feb-04 17:57:26.096971253 [INFO] tc=TestCase {
    tag: "good_syntax",
    snap_file: "./tests/integration/tmp/good_syntax.json",
    config_file: "./tests/integration/tmp/good_syntax.yml",
    json: {},
    logfile: "./tests/integration/tmp/good_syntax.log",
    logfile_gzip: "./tests/integration/tmp/good_syntax.log.gz",
    tmpfile: "./tests/integration/tmp/good_syntax.txt",
}
2021-Feb-04 17:57:26.110780962 [TRACE] (1) integration_test::testcase: [tests/integration/testcase.rs:298] Output { status: ExitStatus(ExitStatus(0)), stdout: "OK: Config {\n    global: GlobalOptions {\n        script_path: \"/usr/local/sbin:/usr/local/bin:/usr/sbin:/usr/bin:/sbin:/bin\",\n        output_dir: \"/tmp\",\n        snapshot_file: Some(\n            \"./tests/integration/tmp/snapshot_foo.json\",\n        ),\n        snapshot_retention: 1,\n        global_vars: {\n            \"CLF_CONFIG_FILE\": \"/data/projects/clf/tests/integration/config/generated.yml\",\n            \"CLF_city\": \"Los Angeles\",\n            \"CLF_profession\": \"actor\",\n            \"CLF_USER\": \"alain\",\n            \"CLF_lastname\": \"Pacino\",\n            \"CLF_firstname\": \"Al\",\n            \"CLF_HOSTNAME\": \"b550m\",\n            \"CLF_PLATFORM\": \"Linux\",\n        },\n        prescript: None,\n        postscript: None,\n    },\n    searches: [\n        Search {\n            logfile: LogFileDef {\n                path: LogFile(\n                    \"./tests/integration/tmp/generated.log\",\n                ),\n                format: plain,\n                exclude: None,\n                archive: Some(\n                    LogArchive {\n                        dir: None,\n                        extension: Some(\n                            \"gz\",\n                        ),\n                        pattern: None,\n                    },\n                ),\n                logfilemissing: CRITICAL,\n                hash_window: 1024,\n            },\n            tags: [\n                Tag {\n                    name: \"tag1\",\n                    process: true,\n                    options: SearchOptions {\n                        runcallback: false,\n                        keepoutput: false,\n                        rewind: false,\n                        criticalthreshold: 0,\n                        warningthreshold: 0,\n                        protocol: true,\n                        savethresholds: false,\n                        sticky: 0,\n                        fastforward: false,\n                        runlimit: 18446744073709551615,\n                        truncate: 0,\n                        stopat: 18446744073709551615,\n                        runifok: false,\n                    },\n                    callback: Some(\n                        Callback {\n                            callback: Tcp(\n                                Some(\n                                    \"127.0.0.1:8999\",\n                                ),\n                            ),\n                            args: Some(\n                                [\n                                    \"arg1\",\n                                    \"arg2\",\n                                    \"arg3\",\n                                ],\n                            ),\n                            timeout: 180,\n                        },\n                    ),\n                    patterns: PatternSet {\n                        critical: Some(\n                            Pattern {\n                                regexes: RegexVec(\n                                    [\n                                        number = (\\d+), error id = (\\d+)$,\n                                    ],\n                                ),\n                                exceptions: Some(\n                                    RegexBundle(\n                                        RegexSet([\"line number = 192\"]),\n                                    ),\n                                ),\n                            },\n                        ),\n                        warning: Some(\n                            Pattern {\n                                regexes: RegexVec(\n                                    [\n                                        number = (\\d+), warning id = (\\d+)$,\n                                    ],\n                                ),\n                                exceptions: Some(\n                                    RegexBundle(\n                                        RegexSet([\"line number = (193|195)\"]),\n                                    ),\n                                ),\n                            },\n                        ),\n                        ok: None,\n                    },\n                },\n            ],\n        },\n    ],\n}\n", stderr: "" }
2021-Feb-04 17:57:26.112048558 [INFO] ==============================================> running test case: bad_syntax
2021-Feb-04 17:57:26.112141423 [TRACE] (1) integration_test::testcase: [tests/integration/testcase.rs:335] creating logfile ./tests/integration/tmp/bad_syntax.log
2021-Feb-04 17:57:26.113957352 [INFO] tc=TestCase {
    tag: "bad_syntax",
    snap_file: "./tests/integration/tmp/bad_syntax.json",
    config_file: "./tests/integration/tmp/bad_syntax.yml",
    json: {},
    logfile: "./tests/integration/tmp/bad_syntax.log",
    logfile_gzip: "./tests/integration/tmp/bad_syntax.log.gz",
    tmpfile: "./tests/integration/tmp/bad_syntax.txt",
}
2021-Feb-04 17:57:26.116572826 [TRACE] (1) integration_test::testcase: [tests/integration/testcase.rs:298] Output { status: ExitStatus(ExitStatus(512)), stdout: "CRITICAL: error trying to canonicalize config file: ./tests/intergration/config/bad_syntax.yml, error: Os { code: 2, kind: NotFound, message: \"No such file or directory\" }\n", stderr: "" }
2021-Feb-04 17:57:26.116761611 [INFO] ==============================================> running test case: show_options
2021-Feb-04 17:57:26.116867400 [TRACE] (1) integration_test::testcase: [tests/integration/testcase.rs:335] creating logfile ./tests/integration/tmp/show_options.log
2021-Feb-04 17:57:26.118860493 [INFO] tc=TestCase {
    tag: "show_options",
    snap_file: "./tests/integration/tmp/show_options.json",
    config_file: "./tests/integration/tmp/show_options.yml",
    json: {},
    logfile: "./tests/integration/tmp/show_options.log",
    logfile_gzip: "./tests/integration/tmp/show_options.log.gz",
    tmpfile: "./tests/integration/tmp/show_options.txt",
}
2021-Feb-04 17:57:26.122321478 [TRACE] (1) integration_test::testcase: [tests/integration/testcase.rs:298] Output { status: ExitStatus(ExitStatus(0)), stdout: "OK: CliOptions {\n    config_file: \"/data/projects/clf/tests/integration/config/generated.yml\",\n    clf_logger: \"/data/projects/clf/clf.log\",\n    delete_snapfile: false,\n    check_conf: true,\n    logger_level: Info,\n    max_logger_size: 52428800,\n    show_options: true,\n    nagios_version: Nrpe3,\n    snapshot_file: None,\n    reader_type: FullReaderCall,\n    tera_context: None,\n    extra_vars: None,\n    show_rendered: false,\n    reset_log: false,\n}\n", stderr: "" }
2021-Feb-04 17:57:26.122625901 [INFO] ==============================================> running test case: rewind
2021-Feb-04 17:57:26.122756427 [TRACE] (1) integration_test::testcase: [tests/integration/testcase.rs:335] creating logfile ./tests/integration/tmp/rewind.log
2021-Feb-04 17:57:26.124370215 [INFO] tc=TestCase {
    tag: "rewind",
    snap_file: "./tests/integration/tmp/rewind.json",
    config_file: "./tests/integration/tmp/rewind.yml",
    json: {},
    logfile: "./tests/integration/tmp/rewind.log",
    logfile_gzip: "./tests/integration/tmp/rewind.log.gz",
    tmpfile: "./tests/integration/tmp/rewind.txt",
}
2021-Feb-04 17:57:27.213224227 [TRACE] (1) integration_test::testcase: [tests/integration/testcase.rs:280] Output { status: ExitStatus(ExitStatus(512)), stdout: "CRITICAL: (errors:99, warnings:98, unknowns:0)\n./tests/integration/tmp/rewind.log(tag=tag1) - CRITICAL: (errors:99, warnings:98, unknowns:0)\n", stderr: "" }
2021-Feb-04 17:57:28.311740994 [TRACE] (1) integration_test::testcase: [tests/integration/testcase.rs:280] Output { status: ExitStatus(ExitStatus(512)), stdout: "CRITICAL: (errors:99, warnings:98, unknowns:0)\n./tests/integration/tmp/rewind.log(tag=tag1) - CRITICAL: (errors:99, warnings:98, unknowns:0)\n", stderr: "" }
2021-Feb-04 17:57:28.325664847 [INFO] ==============================================> running test case: fastforward
2021-Feb-04 17:57:28.325763423 [TRACE] (1) integration_test::testcase: [tests/integration/testcase.rs:335] creating logfile ./tests/integration/tmp/fastforward.log
2021-Feb-04 17:57:28.326823959 [INFO] tc=TestCase {
    tag: "fastforward",
    snap_file: "./tests/integration/tmp/fastforward.json",
    config_file: "./tests/integration/tmp/fastforward.yml",
    json: {},
    logfile: "./tests/integration/tmp/fastforward.log",
    logfile_gzip: "./tests/integration/tmp/fastforward.log.gz",
    tmpfile: "./tests/integration/tmp/fastforward.txt",
}
2021-Feb-04 17:57:29.359886491 [TRACE] (1) integration_test::testcase: [tests/integration/testcase.rs:280] Output { status: ExitStatus(ExitStatus(0)), stdout: "OK: (errors:0, warnings:0, unknowns:0)\n./tests/integration/tmp/fastforward.log(tag=tag1) - OK: (errors:0, warnings:0, unknowns:0)\n", stderr: "" }
2021-Feb-04 17:57:29.371602588 [TRACE] (1) integration_test::testcase: [tests/integration/testcase.rs:335] creating logfile ./tests/integration/tmp/fastforward.log
2021-Feb-04 17:57:30.459305205 [TRACE] (1) integration_test::testcase: [tests/integration/testcase.rs:280] Output { status: ExitStatus(ExitStatus(512)), stdout: "CRITICAL: (errors:99, warnings:98, unknowns:0)\n./tests/integration/tmp/fastforward.log(tag=tag1) - CRITICAL: (errors:99, warnings:98, unknowns:0)\n", stderr: "" }
2021-Feb-04 17:57:30.471442806 [INFO] ==============================================> running test case: fastforward_gzipped
2021-Feb-04 17:57:30.471535100 [TRACE] (1) integration_test::testcase: [tests/integration/testcase.rs:335] creating logfile ./tests/integration/tmp/fastforward_gzipped.log
2021-Feb-04 17:57:30.472580227 [INFO] tc=TestCase {
    tag: "fastforward_gzipped",
    snap_file: "./tests/integration/tmp/fastforward_gzipped.json",
    config_file: "./tests/integration/tmp/fastforward_gzipped.yml",
    json: {},
    logfile: "./tests/integration/tmp/fastforward_gzipped.log",
    logfile_gzip: "./tests/integration/tmp/fastforward_gzipped.log.gz",
    tmpfile: "./tests/integration/tmp/fastforward_gzipped.txt",
}
2021-Feb-04 17:57:30.473764797 [TRACE] (1) integration_test::testcase: [tests/integration/testcase.rs:230] gzip, output=Output { status: ExitStatus(ExitStatus(0)), stdout: "", stderr: "" }
2021-Feb-04 17:57:31.509746132 [TRACE] (1) integration_test::testcase: [tests/integration/testcase.rs:280] Output { status: ExitStatus(ExitStatus(0)), stdout: "OK: (errors:0, warnings:0, unknowns:0)\n./tests/integration/tmp/fastforward_gzipped.log.gz(tag=tag1) - OK: (errors:0, warnings:0, unknowns:0)\n", stderr: "" }
2021-Feb-04 17:57:31.522584382 [INFO] ==============================================> running test case: logfilemissing
2021-Feb-04 17:57:31.522681645 [TRACE] (1) integration_test::testcase: [tests/integration/testcase.rs:335] creating logfile ./tests/integration/tmp/logfilemissing.log
2021-Feb-04 17:57:31.523728085 [INFO] tc=TestCase {
    tag: "logfilemissing",
    snap_file: "./tests/integration/tmp/logfilemissing.json",
    config_file: "./tests/integration/tmp/logfilemissing.yml",
    json: {},
    logfile: "./tests/integration/tmp/logfilemissing.log",
    logfile_gzip: "./tests/integration/tmp/logfilemissing.log.gz",
    tmpfile: "./tests/integration/tmp/logfilemissing.txt",
}
2021-Feb-04 17:57:32.546304126 [TRACE] (1) integration_test::testcase: [tests/integration/testcase.rs:280] Output { status: ExitStatus(ExitStatus(512)), stdout: "CRITICAL: (errors:1, warnings:0, unknowns:0)\n./tmp/my_foo_file - CRITICAL: I/O error: unable to canonicalize file \"./tmp/my_foo_file\" (No such file or directory (os error 2))\n", stderr: "" }
2021-Feb-04 17:57:33.580033887 [TRACE] (1) integration_test::testcase: [tests/integration/testcase.rs:280] Output { status: ExitStatus(ExitStatus(256)), stdout: "WARNING: (errors:0, warnings:1, unknowns:0)\n./tmp/my_foo_file - WARNING: I/O error: unable to canonicalize file \"./tmp/my_foo_file\" (No such file or directory (os error 2))\n", stderr: "" }
2021-Feb-04 17:57:34.611944383 [TRACE] (1) integration_test::testcase: [tests/integration/testcase.rs:280] Output { status: ExitStatus(ExitStatus(768)), stdout: "UNKNOWN: (errors:0, warnings:0, unknowns:1)\n./tmp/my_foo_file - UNKNOWN: I/O error: unable to canonicalize file \"./tmp/my_foo_file\" (No such file or directory (os error 2))\n", stderr: "" }
2021-Feb-04 17:57:34.621070514 [INFO] ==============================================> running test case: dummy
2021-Feb-04 17:57:34.621273456 [TRACE] (1) integration_test::testcase: [tests/integration/testcase.rs:335] creating logfile ./tests/integration/tmp/dummy.log
2021-Feb-04 17:57:34.623359744 [INFO] tc=TestCase {
    tag: "dummy",
    snap_file: "./tests/integration/tmp/dummy.json",
    config_file: "./tests/integration/tmp/dummy.yml",
    json: {},
    logfile: "./tests/integration/tmp/dummy.log",
    logfile_gzip: "./tests/integration/tmp/dummy.log.gz",
    tmpfile: "./tests/integration/tmp/dummy.txt",
}
2021-Feb-04 17:57:35.708626567 [TRACE] (1) integration_test::testcase: [tests/integration/testcase.rs:280] Output { status: ExitStatus(ExitStatus(512)), stdout: "CRITICAL: (errors:99, warnings:98, unknowns:0)\n./tests/integration/tmp/dummy.log(tag=tag1) - CRITICAL: (errors:99, warnings:98, unknowns:0)\n", stderr: "" }
2021-Feb-04 17:57:35.721952716 [INFO] ==============================================> running test case: utf8
2021-Feb-04 17:57:35.722055649 [TRACE] (1) integration_test::testcase: [tests/integration/testcase.rs:335] creating logfile ./tests/integration/tmp/utf8.log
2021-Feb-04 17:57:35.723124782 [INFO] tc=TestCase {
    tag: "utf8",
    snap_file: "./tests/integration/tmp/utf8.json",
    config_file: "./tests/integration/tmp/utf8.yml",
    json: {},
    logfile: "./tests/integration/tmp/utf8.log",
    logfile_gzip: "./tests/integration/tmp/utf8.log.gz",
    tmpfile: "./tests/integration/tmp/utf8.txt",
}
2021-Feb-04 17:57:36.790320476 [TRACE] (1) integration_test::testcase: [tests/integration/testcase.rs:280] Output { status: ExitStatus(ExitStatus(512)), stdout: "CRITICAL: (errors:100, warnings:0, unknowns:0)\n./tests/integration/tmp/utf8.log(tag=tag1) - CRITICAL: (errors:100, warnings:0, unknowns:0)\n", stderr: "" }
2021-Feb-04 17:57:36.802817974 [INFO] ==============================================> running test case: tera
2021-Feb-04 17:57:36.802914626 [TRACE] (1) integration_test::testcase: [tests/integration/testcase.rs:335] creating logfile ./tests/integration/tmp/tera.log
2021-Feb-04 17:57:36.803976635 [INFO] tc=TestCase {
    tag: "tera",
    snap_file: "./tests/integration/tmp/tera.json",
    config_file: "./tests/integration/tmp/tera.yml",
    json: {},
    logfile: "./tests/integration/tmp/tera.log",
    logfile_gzip: "./tests/integration/tmp/tera.log.gz",
    tmpfile: "./tests/integration/tmp/tera.txt",
}
2021-Feb-04 17:57:37.889403774 [TRACE] (1) integration_test::testcase: [tests/integration/testcase.rs:280] Output { status: ExitStatus(ExitStatus(512)), stdout: "CRITICAL: (errors:99, warnings:98, unknowns:0)\n./tests/integration/tmp/tera.log(tag=tag1) - CRITICAL: (errors:99, warnings:98, unknowns:0)\n", stderr: "" }
2021-Feb-04 17:57:37.902402797 [INFO] ==============================================> running test case: retention
2021-Feb-04 17:57:37.902496794 [TRACE] (1) integration_test::testcase: [tests/integration/testcase.rs:335] creating logfile ./tests/integration/tmp/retention.log
2021-Feb-04 17:57:37.903534567 [INFO] tc=TestCase {
    tag: "retention",
    snap_file: "./tests/integration/tmp/retention.json",
    config_file: "./tests/integration/tmp/retention.yml",
    json: {},
    logfile: "./tests/integration/tmp/retention.log",
    logfile_gzip: "./tests/integration/tmp/retention.log.gz",
    tmpfile: "./tests/integration/tmp/retention.txt",
}
2021-Feb-04 17:57:38.990324320 [TRACE] (1) integration_test::testcase: [tests/integration/testcase.rs:280] Output { status: ExitStatus(ExitStatus(512)), stdout: "CRITICAL: (errors:99, warnings:98, unknowns:0)\n./tests/integration/tmp/retention.log(tag=tag1) - CRITICAL: (errors:99, warnings:98, unknowns:0)\n", stderr: "" }
2021-Feb-04 17:57:42.095283538 [TRACE] (1) integration_test::testcase: [tests/integration/testcase.rs:280] Output { status: ExitStatus(ExitStatus(512)), stdout: "CRITICAL: (errors:99, warnings:98, unknowns:0)\n./tests/integration/tmp/tera.log(tag=tag1) - CRITICAL: (errors:99, warnings:98, unknowns:0)\n", stderr: "" }
2021-Feb-04 17:57:42.107424956 [INFO] ==============================================> running test case: exclude
2021-Feb-04 17:57:42.107543008 [TRACE] (1) integration_test::testcase: [tests/integration/testcase.rs:335] creating logfile ./tests/integration/tmp/exclude.log
2021-Feb-04 17:57:42.108595820 [INFO] tc=TestCase {
    tag: "exclude",
    snap_file: "./tests/integration/tmp/exclude.json",
    config_file: "./tests/integration/tmp/exclude.yml",
    json: {},
    logfile: "./tests/integration/tmp/exclude.log",
    logfile_gzip: "./tests/integration/tmp/exclude.log.gz",
    tmpfile: "./tests/integration/tmp/exclude.txt",
}
2021-Feb-04 17:57:43.172939039 [TRACE] (1) integration_test::testcase: [tests/integration/testcase.rs:280] Output { status: ExitStatus(ExitStatus(256)), stdout: "WARNING: (errors:0, warnings:98, unknowns:0)\n./tests/integration/tmp/exclude.log(tag=tag1) - WARNING: (errors:0, warnings:98, unknowns:0)\n", stderr: "" }
2021-Feb-04 17:57:43.185507851 [INFO] ==============================================> running test case: truncate
2021-Feb-04 17:57:43.185651010 [TRACE] (1) integration_test::testcase: [tests/integration/testcase.rs:335] creating logfile ./tests/integration/tmp/truncate.log
2021-Feb-04 17:57:43.187295376 [INFO] tc=TestCase {
    tag: "truncate",
    snap_file: "./tests/integration/tmp/truncate.json",
    config_file: "./tests/integration/tmp/truncate.yml",
    json: {},
    logfile: "./tests/integration/tmp/truncate.log",
    logfile_gzip: "./tests/integration/tmp/truncate.log.gz",
    tmpfile: "./tests/integration/tmp/truncate.txt",
}
2021-Feb-04 17:57:44.248213155 [TRACE] (1) integration_test::testcase: [tests/integration/testcase.rs:280] Output { status: ExitStatus(ExitStatus(0)), stdout: "OK: (errors:0, warnings:0, unknowns:0)\n./tests/integration/tmp/truncate.log(tag=tag1) - OK: (errors:0, warnings:0, unknowns:0)\n", stderr: "" }
2021-Feb-04 17:57:44.261836854 [INFO] ==============================================> running test case: snapshot_creation
2021-Feb-04 17:57:44.261940649 [TRACE] (1) integration_test::testcase: [tests/integration/testcase.rs:335] creating logfile ./tests/integration/tmp/snapshot_creation.log
2021-Feb-04 17:57:44.262976199 [INFO] tc=TestCase {
    tag: "snapshot_creation",
    snap_file: "./tests/integration/tmp/snapshot_creation.json",
    config_file: "./tests/integration/tmp/snapshot_creation.yml",
    json: {},
    logfile: "./tests/integration/tmp/snapshot_creation.log",
    logfile_gzip: "./tests/integration/tmp/snapshot_creation.log.gz",
    tmpfile: "./tests/integration/tmp/snapshot_creation.txt",
}
2021-Feb-04 17:57:45.351284236 [TRACE] (1) integration_test::testcase: [tests/integration/testcase.rs:280] Output { status: ExitStatus(ExitStatus(512)), stdout: "CRITICAL: (errors:99, warnings:98, unknowns:0)\n./tests/integration/tmp/snapshot_creation.log(tag=tag1) - CRITICAL: (errors:99, warnings:98, unknowns:0)\n", stderr: "" }
2021-Feb-04 17:57:45.384509256 [TRACE] (1) integration_test::testcase: [tests/integration/testcase.rs:298] Output { status: ExitStatus(ExitStatus(512)), stdout: "dir=\"./tests/integration/tmp\"\nself=\"./tests/integration/tmp/snapshot_creation.log\", dir=./tests/integration/tmp, file=snapshot_creation.log, rotated=./tests/integration/tmp/snapshot_creation.log.gz\nCRITICAL: (errors:99, warnings:98, unknowns:0)\n./tests/integration/tmp/snapshot_creation.log(tag=tag1) - CRITICAL: (errors:99, warnings:98, unknowns:0)\n", stderr: "" }
2021-Feb-04 17:57:45.411147566 [TRACE] (1) integration_test::testcase: [tests/integration/testcase.rs:298] Output { status: ExitStatus(ExitStatus(0)), stdout: "OK: (errors:0, warnings:0, unknowns:0)\n./tests/integration/tmp/snapshot_creation.log(tag=tag1) - OK: (errors:0, warnings:0, unknowns:0)\n", stderr: "" }
2021-Feb-04 17:57:45.411369824 [INFO] ==============================================> running test case: list_files
2021-Feb-04 17:57:45.411515368 [TRACE] (1) integration_test::testcase: [tests/integration/testcase.rs:335] creating logfile ./tests/integration/tmp/list_files.log
2021-Feb-04 17:57:45.413654005 [INFO] tc=TestCase {
    tag: "list_files",
    snap_file: "./tests/integration/tmp/list_files.json",
    config_file: "./tests/integration/tmp/list_files.yml",
    json: {},
    logfile: "./tests/integration/tmp/list_files.log",
    logfile_gzip: "./tests/integration/tmp/list_files.log.gz",
    tmpfile: "./tests/integration/tmp/list_files.txt",
}
2021-Feb-04 17:57:45.413856436 [TRACE] (1) integration_test::testcase: [tests/integration/testcase.rs:217] creating fake logfiles
2021-Feb-04 17:57:45.413948329 [TRACE] (1) integration_test::testcase: [tests/integration/testcase.rs:335] creating logfile ./tests/integration/tmp/list_files.log.1
2021-Feb-04 17:57:45.416153100 [TRACE] (1) integration_test::testcase: [tests/integration/testcase.rs:335] creating logfile ./tests/integration/tmp/list_files.log.2
2021-Feb-04 17:57:45.418493726 [TRACE] (1) integration_test::testcase: [tests/integration/testcase.rs:335] creating logfile ./tests/integration/tmp/list_files.log.3
2021-Feb-04 17:57:45.420904044 [TRACE] (1) integration_test::testcase: [tests/integration/testcase.rs:335] creating logfile ./tests/integration/tmp/list_files.log.4
2021-Feb-04 17:57:45.423327086 [TRACE] (1) integration_test::testcase: [tests/integration/testcase.rs:335] creating logfile ./tests/integration/tmp/list_files.log.5
2021-Feb-04 17:57:45.425168973 [TRACE] (1) integration_test::testcase: [tests/integration/testcase.rs:335] creating logfile ./tests/integration/tmp/list_files.log.6
2021-Feb-04 17:57:45.426195155 [TRACE] (1) integration_test::testcase: [tests/integration/testcase.rs:335] creating logfile ./tests/integration/tmp/list_files.log.7
2021-Feb-04 17:57:45.427235814 [TRACE] (1) integration_test::testcase: [tests/integration/testcase.rs:335] creating logfile ./tests/integration/tmp/list_files.log.8
2021-Feb-04 17:57:45.428256396 [TRACE] (1) integration_test::testcase: [tests/integration/testcase.rs:335] creating logfile ./tests/integration/tmp/list_files.log.9
2021-Feb-04 17:57:45.429299660 [TRACE] (1) integration_test::testcase: [tests/integration/testcase.rs:335] creating logfile ./tests/integration/tmp/list_files.log.10
2021-Feb-04 17:57:46.915512549 [TRACE] (1) integration_test::testcase: [tests/integration/testcase.rs:280] Output { status: ExitStatus(ExitStatus(512)), stdout: "CRITICAL: (errors:1000, warnings:0, unknowns:0)\n./tests/integration/tmp/list_files.log.5(tag=tag1) - CRITICAL: (errors:100, warnings:0, unknowns:0)\n./tests/integration/tmp/list_files.log.1(tag=tag1) - CRITICAL: (errors:100, warnings:0, unknowns:0)\n./tests/integration/tmp/list_files.log.2(tag=tag1) - CRITICAL: (errors:100, warnings:0, unknowns:0)\n./tests/integration/tmp/list_files.log.4(tag=tag1) - CRITICAL: (errors:100, warnings:0, unknowns:0)\n./tests/integration/tmp/list_files.log.7(tag=tag1) - CRITICAL: (errors:100, warnings:0, unknowns:0)\n./tests/integration/tmp/list_files.log.6(tag=tag1) - CRITICAL: (errors:100, warnings:0, unknowns:0)\n./tests/integration/tmp/list_files.log.10(tag=tag1) - CRITICAL: (errors:100, warnings:0, unknowns:0)\n./tests/integration/tmp/list_files.log.8(tag=tag1) - CRITICAL: (errors:100, warnings:0, unknowns:0)\n./tests/integration/tmp/list_files.log.3(tag=tag1) - CRITICAL: (errors:100, warnings:0, unknowns:0)\n./tests/integration/tmp/list_files.log.9(tag=tag1) - CRITICAL: (errors:100, warnings:0, unknowns:0)\n", stderr: "" }
2021-Feb-04 17:57:46.934961124 [INFO] ==============================================> running test case: exit_msg
2021-Feb-04 17:57:46.935055441 [TRACE] (1) integration_test::testcase: [tests/integration/testcase.rs:335] creating logfile ./tests/integration/tmp/exit_msg.log
2021-Feb-04 17:57:46.936140634 [INFO] tc=TestCase {
    tag: "exit_msg",
    snap_file: "./tests/integration/tmp/exit_msg.json",
    config_file: "./tests/integration/tmp/exit_msg.yml",
    json: {},
    logfile: "./tests/integration/tmp/exit_msg.log",
    logfile_gzip: "./tests/integration/tmp/exit_msg.log.gz",
    tmpfile: "./tests/integration/tmp/exit_msg.txt",
}
2021-Feb-04 17:57:48.022354091 [TRACE] (1) integration_test::testcase: [tests/integration/testcase.rs:280] Output { status: ExitStatus(ExitStatus(512)), stdout: "CRITICAL: (errors:99, warnings:98, unknowns:0)\n./tests/integration/tmp/exit_msg.log(tag=tag1) - CRITICAL: (errors:99, warnings:98, unknowns:0)\n", stderr: "" }
2021-Feb-04 17:57:48.039792440 [TRACE] (1) integration_test::testcase: [tests/integration/testcase.rs:335] creating logfile ./tests/integration/tmp/exit_msg_2.log
2021-Feb-04 17:57:49.128325834 [TRACE] (1) integration_test::testcase: [tests/integration/testcase.rs:280] Output { status: ExitStatus(ExitStatus(512)), stdout: "CRITICAL: (errors:99, warnings:98, unknowns:0)\n./tests/integration/tmp/exit_msg_2.log(tag=tag1) - CRITICAL: (errors:99, warnings:98, unknowns:0)\n", stderr: "" }
2021-Feb-04 17:57:49.142829739 [INFO] ==============================================> running test case: extra_vars
2021-Feb-04 17:57:49.143015229 [TRACE] (1) integration_test::testcase: [tests/integration/testcase.rs:335] creating logfile ./tests/integration/tmp/extra_vars.log
2021-Feb-04 17:57:49.144073882 [INFO] tc=TestCase {
    tag: "extra_vars",
    snap_file: "./tests/integration/tmp/extra_vars.json",
    config_file: "./tests/integration/tmp/extra_vars.yml",
    json: {},
    logfile: "./tests/integration/tmp/extra_vars.log",
    logfile_gzip: "./tests/integration/tmp/extra_vars.log.gz",
    tmpfile: "./tests/integration/tmp/extra_vars.txt",
}
2021-Feb-04 17:57:51.186302055 [TRACE] (1) integration_test::testcase: [tests/integration/testcase.rs:280] Output { status: ExitStatus(ExitStatus(512)), stdout: "CRITICAL: (errors:2, warnings:2, unknowns:0)\n./tests/integration/tmp/extra_vars.log(tag=tag1) - CRITICAL: (errors:2, warnings:2, unknowns:0)\n", stderr: "" }
2021-Feb-04 17:57:51.199554765 [INFO] ==============================================> running test case: ok_pattern
2021-Feb-04 17:57:51.199713504 [TRACE] (1) integration_test::testcase: [tests/integration/testcase.rs:335] creating logfile ./tests/integration/tmp/ok_pattern.log
2021-Feb-04 17:57:51.201356457 [INFO] tc=TestCase {
    tag: "ok_pattern",
    snap_file: "./tests/integration/tmp/ok_pattern.json",
    config_file: "./tests/integration/tmp/ok_pattern.yml",
    json: {},
    logfile: "./tests/integration/tmp/ok_pattern.log",
    logfile_gzip: "./tests/integration/tmp/ok_pattern.log.gz",
    tmpfile: "./tests/integration/tmp/ok_pattern.txt",
}
2021-Feb-04 17:57:52.291330161 [TRACE] (1) integration_test::testcase: [tests/integration/testcase.rs:280] Output { status: ExitStatus(ExitStatus(512)), stdout: "CRITICAL: (errors:74, warnings:73, unknowns:0)\n./tests/integration/tmp/ok_pattern.log(tag=tag1) - CRITICAL: (errors:74, warnings:73, unknowns:0)\n", stderr: "" }
2021-Feb-04 17:57:52.304389758 [INFO] ==============================================> running test case: runifok
2021-Feb-04 17:57:52.304571199 [TRACE] (1) integration_test::testcase: [tests/integration/testcase.rs:335] creating logfile ./tests/integration/tmp/runifok.log
2021-Feb-04 17:57:52.306186631 [INFO] tc=TestCase {
    tag: "runifok",
    snap_file: "./tests/integration/tmp/runifok.json",
    config_file: "./tests/integration/tmp/runifok.yml",
    json: {},
    logfile: "./tests/integration/tmp/runifok.log",
    logfile_gzip: "./tests/integration/tmp/runifok.log.gz",
    tmpfile: "./tests/integration/tmp/runifok.txt",
}
2021-Feb-04 17:57:54.858246481 [TRACE] (1) integration_test::testcase: [tests/integration/testcase.rs:280] Output { status: ExitStatus(ExitStatus(512)), stdout: "CRITICAL: (errors:74, warnings:73, unknowns:0)\n./tests/integration/tmp/runifok.log(tag=tag1) - CRITICAL: (errors:74, warnings:73, unknowns:0)\n", stderr: "" }
2021-Feb-04 17:57:54.878277653 [INFO] ==============================================> running test case: thresholds
2021-Feb-04 17:57:54.878373964 [TRACE] (1) integration_test::testcase: [tests/integration/testcase.rs:335] creating logfile ./tests/integration/tmp/thresholds.log
2021-Feb-04 17:57:54.879412510 [INFO] tc=TestCase {
    tag: "thresholds",
    snap_file: "./tests/integration/tmp/thresholds.json",
    config_file: "./tests/integration/tmp/thresholds.yml",
    json: {},
    logfile: "./tests/integration/tmp/thresholds.log",
    logfile_gzip: "./tests/integration/tmp/thresholds.log.gz",
    tmpfile: "./tests/integration/tmp/thresholds.txt",
}
2021-Feb-04 17:57:55.969939268 [TRACE] (1) integration_test::testcase: [tests/integration/testcase.rs:280] Output { status: ExitStatus(ExitStatus(512)), stdout: "CRITICAL: (errors:49, warnings:38, unknowns:0)\n./tests/integration/tmp/thresholds.log(tag=tag1) - CRITICAL: (errors:49, warnings:38, unknowns:0)\n", stderr: "" }
2021-Feb-04 17:57:55.982791003 [INFO] ==============================================> running test case: huge_thresholds
2021-Feb-04 17:57:55.982892764 [TRACE] (1) integration_test::testcase: [tests/integration/testcase.rs:335] creating logfile ./tests/integration/tmp/huge_thresholds.log
2021-Feb-04 17:57:55.983943332 [INFO] tc=TestCase {
    tag: "huge_thresholds",
    snap_file: "./tests/integration/tmp/huge_thresholds.json",
    config_file: "./tests/integration/tmp/huge_thresholds.yml",
    json: {},
    logfile: "./tests/integration/tmp/huge_thresholds.log",
    logfile_gzip: "./tests/integration/tmp/huge_thresholds.log.gz",
    tmpfile: "./tests/integration/tmp/huge_thresholds.txt",
}
2021-Feb-04 17:57:57.081450902 [TRACE] (1) integration_test::testcase: [tests/integration/testcase.rs:280] Output { status: ExitStatus(ExitStatus(0)), stdout: "OK: (errors:0, warnings:0, unknowns:0)\n./tests/integration/tmp/huge_thresholds.log(tag=tag1) - OK: (errors:0, warnings:0, unknowns:0)\n", stderr: "" }
2021-Feb-04 17:57:57.094669058 [INFO] ==============================================> running test case: start_script
2021-Feb-04 17:57:57.094817467 [TRACE] (1) integration_test::testcase: [tests/integration/testcase.rs:335] creating logfile ./tests/integration/tmp/start_script.log
2021-Feb-04 17:57:57.095837237 [INFO] tc=TestCase {
    tag: "start_script",
    snap_file: "./tests/integration/tmp/start_script.json",
    config_file: "./tests/integration/tmp/start_script.yml",
    json: {},
    logfile: "./tests/integration/tmp/start_script.log",
    logfile_gzip: "./tests/integration/tmp/start_script.log.gz",
    tmpfile: "./tests/integration/tmp/start_script.txt",
}
2021-Feb-04 17:57:59.630695208 [TRACE] (1) integration_test::testcase: [tests/integration/testcase.rs:280] Output { status: ExitStatus(ExitStatus(512)), stdout: "CRITICAL: (errors:99, warnings:98, unknowns:0)\n./tests/integration/tmp/start_script.log(tag=tag1) - CRITICAL: (errors:99, warnings:98, unknowns:0)\n", stderr: "" }
2021-Feb-04 17:57:59.650668330 [INFO] ==============================================> running test case: script_threshold
2021-Feb-04 17:57:59.650814545 [TRACE] (1) integration_test::testcase: [tests/integration/testcase.rs:335] creating logfile ./tests/integration/tmp/script_threshold.log
2021-Feb-04 17:57:59.651891022 [INFO] tc=TestCase {
    tag: "script_threshold",
    snap_file: "./tests/integration/tmp/script_threshold.json",
    config_file: "./tests/integration/tmp/script_threshold.yml",
    json: {},
    logfile: "./tests/integration/tmp/script_threshold.log",
    logfile_gzip: "./tests/integration/tmp/script_threshold.log.gz",
    tmpfile: "./tests/integration/tmp/script_threshold.txt",
}
2021-Feb-04 17:58:01.955715556 [TRACE] (1) integration_test::testcase: [tests/integration/testcase.rs:280] Output { status: ExitStatus(ExitStatus(512)), stdout: "CRITICAL: (errors:49, warnings:38, unknowns:0)\n./tests/integration/tmp/script_threshold.log(tag=tag1) - CRITICAL: (errors:49, warnings:38, unknowns:0)\n", stderr: "" }
2021-Feb-04 17:58:01.967922407 [INFO] ==============================================> running test case: stopat
2021-Feb-04 17:58:01.968020652 [TRACE] (1) integration_test::testcase: [tests/integration/testcase.rs:335] creating logfile ./tests/integration/tmp/stopat.log
2021-Feb-04 17:58:01.969078113 [INFO] tc=TestCase {
    tag: "stopat",
    snap_file: "./tests/integration/tmp/stopat.json",
    config_file: "./tests/integration/tmp/stopat.yml",
    json: {},
    logfile: "./tests/integration/tmp/stopat.log",
    logfile_gzip: "./tests/integration/tmp/stopat.log.gz",
    tmpfile: "./tests/integration/tmp/stopat.txt",
}
2021-Feb-04 17:58:03.015710478 [TRACE] (1) integration_test::testcase: [tests/integration/testcase.rs:280] Output { status: ExitStatus(ExitStatus(512)), stdout: "CRITICAL: (errors:34, warnings:34, unknowns:0)\n./tests/integration/tmp/stopat.log(tag=tag1) - CRITICAL: (errors:34, warnings:34, unknowns:0)\n", stderr: "" }
2021-Feb-04 17:58:04.093749017 [TRACE] (1) integration_test::testcase: [tests/integration/testcase.rs:280] Output { status: ExitStatus(ExitStatus(512)), stdout: "CRITICAL: (errors:65, warnings:64, unknowns:0)\n./tests/integration/tmp/stopat.log(tag=tag1) - CRITICAL: (errors:65, warnings:64, unknowns:0)\n", stderr: "" }
2021-Feb-04 17:58:04.106915645 [INFO] ==============================================> running test case: successive_runs_nosave_thresholds
2021-Feb-04 17:58:04.107016766 [TRACE] (1) integration_test::testcase: [tests/integration/testcase.rs:335] creating logfile ./tests/integration/tmp/successive_runs_nosave_thresholds.log
2021-Feb-04 17:58:04.108056804 [INFO] tc=TestCase {
    tag: "successive_runs_nosave_thresholds",
    snap_file: "./tests/integration/tmp/successive_runs_nosave_thresholds.json",
    config_file: "./tests/integration/tmp/successive_runs_nosave_thresholds.yml",
    json: {},
    logfile: "./tests/integration/tmp/successive_runs_nosave_thresholds.log",
    logfile_gzip: "./tests/integration/tmp/successive_runs_nosave_thresholds.log.gz",
    tmpfile: "./tests/integration/tmp/successive_runs_nosave_thresholds.txt",
}
2021-Feb-04 17:58:05.195425130 [TRACE] (1) integration_test::testcase: [tests/integration/testcase.rs:280] Output { status: ExitStatus(ExitStatus(512)), stdout: "CRITICAL: (errors:99, warnings:98, unknowns:0)\n./tests/integration/tmp/successive_runs_nosave_thresholds.log(tag=tag1) - CRITICAL: (errors:99, warnings:98, unknowns:0)\n", stderr: "" }
2021-Feb-04 17:58:05.207845894 [TRACE] (1) integration_test::testcase: [tests/integration/testcase.rs:335] creating logfile ./tests/integration/tmp/successive_runs_nosave_thresholds.log
2021-Feb-04 17:58:06.293009474 [TRACE] (1) integration_test::testcase: [tests/integration/testcase.rs:280] Output { status: ExitStatus(ExitStatus(512)), stdout: "CRITICAL: (errors:99, warnings:98, unknowns:0)\n./tests/integration/tmp/successive_runs_nosave_thresholds.log(tag=tag1) - CRITICAL: (errors:99, warnings:98, unknowns:0)\n", stderr: "" }
2021-Feb-04 17:58:06.306783766 [INFO] ==============================================> running test case: successive_runs_save_thresholds
2021-Feb-04 17:58:06.306932746 [TRACE] (1) integration_test::testcase: [tests/integration/testcase.rs:335] creating logfile ./tests/integration/tmp/successive_runs_save_thresholds.log
2021-Feb-04 17:58:06.308539341 [INFO] tc=TestCase {
    tag: "successive_runs_save_thresholds",
    snap_file: "./tests/integration/tmp/successive_runs_save_thresholds.json",
    config_file: "./tests/integration/tmp/successive_runs_save_thresholds.yml",
    json: {},
    logfile: "./tests/integration/tmp/successive_runs_save_thresholds.log",
    logfile_gzip: "./tests/integration/tmp/successive_runs_save_thresholds.log.gz",
    tmpfile: "./tests/integration/tmp/successive_runs_save_thresholds.txt",
}
2021-Feb-04 17:58:07.397563465 [TRACE] (1) integration_test::testcase: [tests/integration/testcase.rs:280] Output { status: ExitStatus(ExitStatus(512)), stdout: "CRITICAL: (errors:99, warnings:98, unknowns:0)\n./tests/integration/tmp/successive_runs_save_thresholds.log(tag=tag1) - CRITICAL: (errors:99, warnings:98, unknowns:0)\n", stderr: "" }
2021-Feb-04 17:58:07.410494801 [TRACE] (1) integration_test::testcase: [tests/integration/testcase.rs:335] creating logfile ./tests/integration/tmp/successive_runs_save_thresholds.log
2021-Feb-04 17:58:08.496529077 [TRACE] (1) integration_test::testcase: [tests/integration/testcase.rs:280] Output { status: ExitStatus(ExitStatus(512)), stdout: "CRITICAL: (errors:198, warnings:196, unknowns:0)\n./tests/integration/tmp/successive_runs_save_thresholds.log(tag=tag1) - CRITICAL: (errors:198, warnings:196, unknowns:0)\n", stderr: "" }
2021-Feb-04 17:58:08.510057276 [INFO] ==============================================> running test case: rotate_nosave_thresholds
2021-Feb-04 17:58:08.510198653 [TRACE] (1) integration_test::testcase: [tests/integration/testcase.rs:335] creating logfile ./tests/integration/tmp/rotate_nosave_thresholds.log
2021-Feb-04 17:58:08.511246916 [INFO] tc=TestCase {
    tag: "rotate_nosave_thresholds",
    snap_file: "./tests/integration/tmp/rotate_nosave_thresholds.json",
    config_file: "./tests/integration/tmp/rotate_nosave_thresholds.yml",
    json: {},
    logfile: "./tests/integration/tmp/rotate_nosave_thresholds.log",
    logfile_gzip: "./tests/integration/tmp/rotate_nosave_thresholds.log.gz",
    tmpfile: "./tests/integration/tmp/rotate_nosave_thresholds.txt",
}
2021-Feb-04 17:58:09.557571004 [TRACE] (1) integration_test::testcase: [tests/integration/testcase.rs:280] Output { status: ExitStatus(ExitStatus(512)), stdout: "CRITICAL: (errors:34, warnings:34, unknowns:0)\n./tests/integration/tmp/rotate_nosave_thresholds.log(tag=tag1) - CRITICAL: (errors:34, warnings:34, unknowns:0)\n", stderr: "" }
2021-Feb-04 17:58:09.570500816 [TRACE] (1) integration_test::testcase: [tests/integration/testcase.rs:237] rotating file ./tests/integration/tmp/rotate_nosave_thresholds.log
2021-Feb-04 17:58:09.571675518 [TRACE] (1) integration_test::testcase: [tests/integration/testcase.rs:244] gzip file=./tests/integration/tmp/rotate_nosave_thresholds.log, Output { status: ExitStatus(ExitStatus(0)), stdout: "", stderr: "" }
2021-Feb-04 17:58:09.571757792 [TRACE] (1) integration_test::testcase: [tests/integration/testcase.rs:335] creating logfile ./tests/integration/tmp/rotate_nosave_thresholds.log
2021-Feb-04 17:58:09.572828949 [TRACE] (1) integration_test::testcase: [tests/integration/testcase.rs:252] created new file ./tests/integration/tmp/rotate_nosave_thresholds.log
2021-Feb-04 17:58:10.809511381 [TRACE] (1) integration_test::testcase: [tests/integration/testcase.rs:280] Output { status: ExitStatus(ExitStatus(512)), stdout: "dir=\"./tests/integration/tmp\"\nself=\"./tests/integration/tmp/rotate_nosave_thresholds.log\", dir=./tests/integration/tmp, file=rotate_nosave_thresholds.log, rotated=./tests/integration/tmp/rotate_nosave_thresholds.log.gz\nCRITICAL: (errors:99, warnings:98, unknowns:0)\n./tests/integration/tmp/rotate_nosave_thresholds.log(tag=tag1) - CRITICAL: (errors:99, warnings:98, unknowns:0)\n", stderr: "" }
2021-Feb-04 17:58:10.822711923 [INFO] ==============================================> running test case: rotate_save_thresholds
2021-Feb-04 17:58:10.822815969 [TRACE] (1) integration_test::testcase: [tests/integration/testcase.rs:335] creating logfile ./tests/integration/tmp/rotate_save_thresholds.log
2021-Feb-04 17:58:10.823840087 [INFO] tc=TestCase {
    tag: "rotate_save_thresholds",
    snap_file: "./tests/integration/tmp/rotate_save_thresholds.json",
    config_file: "./tests/integration/tmp/rotate_save_thresholds.yml",
    json: {},
    logfile: "./tests/integration/tmp/rotate_save_thresholds.log",
    logfile_gzip: "./tests/integration/tmp/rotate_save_thresholds.log.gz",
    tmpfile: "./tests/integration/tmp/rotate_save_thresholds.txt",
}
2021-Feb-04 17:58:11.869995471 [TRACE] (1) integration_test::testcase: [tests/integration/testcase.rs:280] Output { status: ExitStatus(ExitStatus(512)), stdout: "CRITICAL: (errors:34, warnings:34, unknowns:0)\n./tests/integration/tmp/rotate_save_thresholds.log(tag=tag1) - CRITICAL: (errors:34, warnings:34, unknowns:0)\n", stderr: "" }
2021-Feb-04 17:58:11.882892381 [TRACE] (1) integration_test::testcase: [tests/integration/testcase.rs:237] rotating file ./tests/integration/tmp/rotate_save_thresholds.log
2021-Feb-04 17:58:11.884085217 [TRACE] (1) integration_test::testcase: [tests/integration/testcase.rs:244] gzip file=./tests/integration/tmp/rotate_save_thresholds.log, Output { status: ExitStatus(ExitStatus(0)), stdout: "", stderr: "" }
2021-Feb-04 17:58:11.884168464 [TRACE] (1) integration_test::testcase: [tests/integration/testcase.rs:335] creating logfile ./tests/integration/tmp/rotate_save_thresholds.log
2021-Feb-04 17:58:11.885220314 [TRACE] (1) integration_test::testcase: [tests/integration/testcase.rs:252] created new file ./tests/integration/tmp/rotate_save_thresholds.log
2021-Feb-04 17:58:13.120308645 [TRACE] (1) integration_test::testcase: [tests/integration/testcase.rs:280] Output { status: ExitStatus(ExitStatus(512)), stdout: "dir=\"./tests/integration/tmp\"\nself=\"./tests/integration/tmp/rotate_save_thresholds.log\", dir=./tests/integration/tmp, file=rotate_save_thresholds.log, rotated=./tests/integration/tmp/rotate_save_thresholds.log.gz\nCRITICAL: (errors:198, warnings:196, unknowns:0)\n./tests/integration/tmp/rotate_save_thresholds.log(tag=tag1) - CRITICAL: (errors:198, warnings:196, unknowns:0)\n", stderr: "" }
2021-Feb-04 17:58:13.134330934 [INFO] ==============================================> running test case: prescript
2021-Feb-04 17:58:13.134439689 [TRACE] (1) integration_test::testcase: [tests/integration/testcase.rs:335] creating logfile ./tests/integration/tmp/prescript.log
2021-Feb-04 17:58:13.135484546 [INFO] tc=TestCase {
    tag: "prescript",
    snap_file: "./tests/integration/tmp/prescript.json",
    config_file: "./tests/integration/tmp/prescript.yml",
    json: {},
    logfile: "./tests/integration/tmp/prescript.log",
    logfile_gzip: "./tests/integration/tmp/prescript.log.gz",
    tmpfile: "./tests/integration/tmp/prescript.txt",
}
2021-Feb-04 17:58:15.167446368 [TRACE] (1) integration_test::testcase: [tests/integration/testcase.rs:280] Output { status: ExitStatus(ExitStatus(768)), stdout: "UNKNOWN: script: [\"sleep\", \"10\"] timed-out, pid:136556\n", stderr: "" }
2021-Feb-04 17:58:15.167754428 [INFO] ==============================================> running test case: callback_domain
2021-Feb-04 17:58:15.167943364 [TRACE] (1) integration_test::testcase: [tests/integration/testcase.rs:335] creating logfile ./tests/integration/tmp/callback_domain.log
2021-Feb-04 17:58:15.170040993 [INFO] tc=TestCase {
    tag: "callback_domain",
    snap_file: "./tests/integration/tmp/callback_domain.json",
    config_file: "./tests/integration/tmp/callback_domain.yml",
    json: {},
    logfile: "./tests/integration/tmp/callback_domain.log",
    logfile_gzip: "./tests/integration/tmp/callback_domain.log.gz",
    tmpfile: "./tests/integration/tmp/callback_domain.txt",
}
2021-Feb-04 17:58:16.425491491 [TRACE] (1) integration_test::testcase: [tests/integration/testcase.rs:280] Output { status: ExitStatus(ExitStatus(512)), stdout: "CRITICAL: (errors:99, warnings:98, unknowns:0)\n./tests/integration/tmp/callback_domain.log(tag=tag1) - CRITICAL: (errors:99, warnings:98, unknowns:0)\n", stderr: "" }
2021-Feb-04 17:58:16.438541990 [INFO] ==============================================> running test case: callback_tcp
2021-Feb-04 17:58:16.438651005 [TRACE] (1) integration_test::testcase: [tests/integration/testcase.rs:335] creating logfile ./tests/integration/tmp/callback_tcp.log
2021-Feb-04 17:58:16.439664133 [INFO] tc=TestCase {
    tag: "callback_tcp",
    snap_file: "./tests/integration/tmp/callback_tcp.json",
    config_file: "./tests/integration/tmp/callback_tcp.yml",
    json: {},
    logfile: "./tests/integration/tmp/callback_tcp.log",
    logfile_gzip: "./tests/integration/tmp/callback_tcp.log.gz",
    tmpfile: "./tests/integration/tmp/callback_tcp.txt",
}
2021-Feb-04 17:58:17.682277127 [TRACE] (1) integration_test::testcase: [tests/integration/testcase.rs:280] Output { status: ExitStatus(ExitStatus(512)), stdout: "CRITICAL: (errors:99, warnings:98, unknowns:0)\n./tests/integration/tmp/callback_tcp.log(tag=tag1) - CRITICAL: (errors:99, warnings:98, unknowns:0)\n", stderr: "" }
2021-Feb-04 17:58:17.695650875 [INFO] ==============================================> running test case: callback_error
2021-Feb-04 17:58:17.695790518 [TRACE] (1) integration_test::testcase: [tests/integration/testcase.rs:335] creating logfile ./tests/integration/tmp/callback_error.log
2021-Feb-04 17:58:17.697447147 [INFO] tc=TestCase {
    tag: "callback_error",
    snap_file: "./tests/integration/tmp/callback_error.json",
    config_file: "./tests/integration/tmp/callback_error.yml",
    json: {},
    logfile: "./tests/integration/tmp/callback_error.log",
    logfile_gzip: "./tests/integration/tmp/callback_error.log.gz",
    tmpfile: "./tests/integration/tmp/callback_error.txt",
}
2021-Feb-04 17:58:18.832377191 [TRACE] (1) integration_test::testcase: [tests/integration/testcase.rs:280] Output { status: ExitStatus(ExitStatus(512)), stdout: "CRITICAL: (errors:4, warnings:3, unknowns:1)\n./tests/integration/tmp/callback_error.log(tag=tag1) - CRITICAL: (errors:4, warnings:3, unknowns:1) - error: I/O error: error writing JSON data to address: \"127.0.0.1:8999\" (Broken pipe (os error 32))\n", stderr: "" }
2021-Feb-04 17:58:18.846540215 [INFO] ==============================================> running test case: echodomain
2021-Feb-04 17:58:18.846703392 [TRACE] (1) integration_test::testcase: [tests/integration/testcase.rs:335] creating logfile ./tests/integration/tmp/echodomain.log
2021-Feb-04 17:58:18.848323692 [INFO] tc=TestCase {
    tag: "echodomain",
    snap_file: "./tests/integration/tmp/echodomain.json",
    config_file: "./tests/integration/tmp/echodomain.yml",
    json: {},
    logfile: "./tests/integration/tmp/echodomain.log",
    logfile_gzip: "./tests/integration/tmp/echodomain.log.gz",
    tmpfile: "./tests/integration/tmp/echodomain.txt",
}
2021-Feb-04 17:58:22.201601799 [TRACE] (1) integration_test::testcase: [tests/integration/testcase.rs:280] Output { status: ExitStatus(ExitStatus(512)), stdout: "CRITICAL: (errors:99, warnings:98, unknowns:0)\n./tests/integration/tmp/echodomain.log(tag=tag1) - CRITICAL: (errors:99, warnings:98, unknowns:0)\n", stderr: "" }
2021-Feb-04 17:58:22.214569632 [INFO] ==============================================> running test case: echotcp
2021-Feb-04 17:58:22.214707001 [TRACE] (1) integration_test::testcase: [tests/integration/testcase.rs:335] creating logfile ./tests/integration/tmp/echotcp.log
2021-Feb-04 17:58:22.215768219 [INFO] tc=TestCase {
    tag: "echotcp",
    snap_file: "./tests/integration/tmp/echotcp.json",
    config_file: "./tests/integration/tmp/echotcp.yml",
    json: {},
    logfile: "./tests/integration/tmp/echotcp.log",
    logfile_gzip: "./tests/integration/tmp/echotcp.log.gz",
    tmpfile: "./tests/integration/tmp/echotcp.txt",
}
2021-Feb-04 17:58:25.556898219 [TRACE] (1) integration_test::testcase: [tests/integration/testcase.rs:280] Output { status: ExitStatus(ExitStatus(512)), stdout: "CRITICAL: (errors:99, warnings:98, unknowns:0)\n./tests/integration/tmp/echotcp.log(tag=tag1) - CRITICAL: (errors:99, warnings:98, unknowns:0)\n", stderr: "" }
